\\FILES\UNDERGRADHOME\WPECKHAM\MY DOCUMENTS\381\BOGLGP2\COMMON\KAZMATH\KAZMATHLIB.LIB
\\FILES\UNDERGRADHOME\WPECKHAM\MY DOCUMENTS\381\BOGLGP2\VC++PROJECTS\KAZMATHLIB\TEMP\DEBUG\AABB.OBJ
\\files\UndergradHome\wpeckham\My Documents\381\BOGLGP2\VC++Projects\KazmathLib\Temp\Debug\cl.command.1.tlog
\\files\UndergradHome\wpeckham\My Documents\381\BOGLGP2\VC++Projects\KazmathLib\Temp\Debug\CL.read.1.tlog
\\files\UndergradHome\wpeckham\My Documents\381\BOGLGP2\VC++Projects\KazmathLib\Temp\Debug\CL.write.1.tlog
\\files\UndergradHome\wpeckham\My Documents\381\BOGLGP2\VC++Projects\KazmathLib\Temp\Debug\lib.command.1.tlog
\\files\UndergradHome\wpeckham\My Documents\381\BOGLGP2\VC++Projects\KazmathLib\Temp\Debug\Lib-link.read.1.tlog
\\files\UndergradHome\wpeckham\My Documents\381\BOGLGP2\VC++Projects\KazmathLib\Temp\Debug\Lib-link.write.1.tlog
\\FILES\UNDERGRADHOME\WPECKHAM\MY DOCUMENTS\381\BOGLGP2\VC++PROJECTS\KAZMATHLIB\TEMP\DEBUG\MAT3.OBJ
\\FILES\UNDERGRADHOME\WPECKHAM\MY DOCUMENTS\381\BOGLGP2\VC++PROJECTS\KAZMATHLIB\TEMP\DEBUG\MAT4.OBJ
\\FILES\UNDERGRADHOME\WPECKHAM\MY DOCUMENTS\381\BOGLGP2\VC++PROJECTS\KAZMATHLIB\TEMP\DEBUG\MAT4STACK.OBJ
\\FILES\UNDERGRADHOME\WPECKHAM\MY DOCUMENTS\381\BOGLGP2\VC++PROJECTS\KAZMATHLIB\TEMP\DEBUG\MATRIX.OBJ
\\FILES\UNDERGRADHOME\WPECKHAM\MY DOCUMENTS\381\BOGLGP2\VC++PROJECTS\KAZMATHLIB\TEMP\DEBUG\PLANE.OBJ
\\FILES\UNDERGRADHOME\WPECKHAM\MY DOCUMENTS\381\BOGLGP2\VC++PROJECTS\KAZMATHLIB\TEMP\DEBUG\QUATERNION.OBJ
\\FILES\UNDERGRADHOME\WPECKHAM\MY DOCUMENTS\381\BOGLGP2\VC++PROJECTS\KAZMATHLIB\TEMP\DEBUG\UTILITY.OBJ
\\files\UndergradHome\wpeckham\My Documents\381\BOGLGP2\VC++Projects\KazmathLib\Temp\Debug\vc100.idb
\\FILES\UNDERGRADHOME\WPECKHAM\MY DOCUMENTS\381\BOGLGP2\VC++PROJECTS\KAZMATHLIB\TEMP\DEBUG\VC100.PDB
\\FILES\UNDERGRADHOME\WPECKHAM\MY DOCUMENTS\381\BOGLGP2\VC++PROJECTS\KAZMATHLIB\TEMP\DEBUG\VEC2.OBJ
\\FILES\UNDERGRADHOME\WPECKHAM\MY DOCUMENTS\381\BOGLGP2\VC++PROJECTS\KAZMATHLIB\TEMP\DEBUG\VEC3.OBJ
\\FILES\UNDERGRADHOME\WPECKHAM\MY DOCUMENTS\381\BOGLGP2\VC++PROJECTS\KAZMATHLIB\TEMP\DEBUG\VEC4.OBJ
