\\FILES\UNDERGRADHOME\WPECKHAM\MY DOCUMENTS\381\BOGLGP2\APPS\CH13_OGRO_INVASION\CH13_OGRO_INVASION.EXE
\\FILES\UNDERGRADHOME\WPECKHAM\MY DOCUMENTS\381\BOGLGP2\APPS\CH13_OGRO_INVASION\CH13_OGRO_INVASION.ILK
\\FILES\UNDERGRADHOME\WPECKHAM\MY DOCUMENTS\381\BOGLGP2\APPS\CH13_OGRO_INVASION\CH13_OGRO_INVASION.PDB
\\FILES\UNDERGRADHOME\WPECKHAM\MY DOCUMENTS\381\BOGLGP2\VC++PROJECTS\CH13_OGRO_INVASION\TEMP\DEBUG\CAMERA.OBJ
\\FILES\UNDERGRADHOME\WPECKHAM\MY DOCUMENTS\381\BOGLGP2\VC++PROJECTS\CH13_OGRO_INVASION\TEMP\DEBUG\CH13_OGRO_INVASION.EXE.EMBED.MANIFEST.RES
\\FILES\UNDERGRADHOME\WPECKHAM\MY DOCUMENTS\381\BOGLGP2\VC++PROJECTS\CH13_OGRO_INVASION\TEMP\DEBUG\CH13_OGRO_INVASION.EXE.INTERMEDIATE.MANIFEST
\\FILES\UNDERGRADHOME\WPECKHAM\MY DOCUMENTS\381\BOGLGP2\VC++PROJECTS\CH13_OGRO_INVASION\TEMP\DEBUG\COLLIDER.OBJ
\\FILES\UNDERGRADHOME\WPECKHAM\MY DOCUMENTS\381\BOGLGP2\VC++PROJECTS\CH13_OGRO_INVASION\TEMP\DEBUG\ENEMY.OBJ
\\FILES\UNDERGRADHOME\WPECKHAM\MY DOCUMENTS\381\BOGLGP2\VC++PROJECTS\CH13_OGRO_INVASION\TEMP\DEBUG\ENTITY.OBJ
\\FILES\UNDERGRADHOME\WPECKHAM\MY DOCUMENTS\381\BOGLGP2\VC++PROJECTS\CH13_OGRO_INVASION\TEMP\DEBUG\EXAMPLE.OBJ
\\FILES\UNDERGRADHOME\WPECKHAM\MY DOCUMENTS\381\BOGLGP2\VC++PROJECTS\CH13_OGRO_INVASION\TEMP\DEBUG\EXPLOSION.OBJ
\\FILES\UNDERGRADHOME\WPECKHAM\MY DOCUMENTS\381\BOGLGP2\VC++PROJECTS\CH13_OGRO_INVASION\TEMP\DEBUG\FREETYPEFONT.OBJ
\\FILES\UNDERGRADHOME\WPECKHAM\MY DOCUMENTS\381\BOGLGP2\VC++PROJECTS\CH13_OGRO_INVASION\TEMP\DEBUG\FRUSTUM.OBJ
\\FILES\UNDERGRADHOME\WPECKHAM\MY DOCUMENTS\381\BOGLGP2\VC++PROJECTS\CH13_OGRO_INVASION\TEMP\DEBUG\GAMEWORLD.OBJ
\\FILES\UNDERGRADHOME\WPECKHAM\MY DOCUMENTS\381\BOGLGP2\VC++PROJECTS\CH13_OGRO_INVASION\TEMP\DEBUG\GLWINDOW.OBJ
\\FILES\UNDERGRADHOME\WPECKHAM\MY DOCUMENTS\381\BOGLGP2\VC++PROJECTS\CH13_OGRO_INVASION\TEMP\DEBUG\LANDSCAPE.OBJ
\\FILES\UNDERGRADHOME\WPECKHAM\MY DOCUMENTS\381\BOGLGP2\VC++PROJECTS\CH13_OGRO_INVASION\TEMP\DEBUG\MAIN.OBJ
\\FILES\UNDERGRADHOME\WPECKHAM\MY DOCUMENTS\381\BOGLGP2\VC++PROJECTS\CH13_OGRO_INVASION\TEMP\DEBUG\MD2MODEL.OBJ
\\FILES\UNDERGRADHOME\WPECKHAM\MY DOCUMENTS\381\BOGLGP2\VC++PROJECTS\CH13_OGRO_INVASION\TEMP\DEBUG\MGLSKYDOME.OBJ
\\FILES\UNDERGRADHOME\WPECKHAM\MY DOCUMENTS\381\BOGLGP2\VC++PROJECTS\CH13_OGRO_INVASION\TEMP\DEBUG\MGLSKYSHADER.OBJ
\\FILES\UNDERGRADHOME\WPECKHAM\MY DOCUMENTS\381\BOGLGP2\VC++PROJECTS\CH13_OGRO_INVASION\TEMP\DEBUG\OGRO.OBJ
\\FILES\UNDERGRADHOME\WPECKHAM\MY DOCUMENTS\381\BOGLGP2\VC++PROJECTS\CH13_OGRO_INVASION\TEMP\DEBUG\PLAYER.OBJ
\\FILES\UNDERGRADHOME\WPECKHAM\MY DOCUMENTS\381\BOGLGP2\VC++PROJECTS\CH13_OGRO_INVASION\TEMP\DEBUG\ROCKET.OBJ
\\FILES\UNDERGRADHOME\WPECKHAM\MY DOCUMENTS\381\BOGLGP2\VC++PROJECTS\CH13_OGRO_INVASION\TEMP\DEBUG\SPHERECOLLIDER.OBJ
\\FILES\UNDERGRADHOME\WPECKHAM\MY DOCUMENTS\381\BOGLGP2\VC++PROJECTS\CH13_OGRO_INVASION\TEMP\DEBUG\TARGA.OBJ
\\FILES\UNDERGRADHOME\WPECKHAM\MY DOCUMENTS\381\BOGLGP2\VC++PROJECTS\CH13_OGRO_INVASION\TEMP\DEBUG\TERRAIN.OBJ
\\FILES\UNDERGRADHOME\WPECKHAM\MY DOCUMENTS\381\BOGLGP2\VC++PROJECTS\CH13_OGRO_INVASION\TEMP\DEBUG\TERRAINCOLLIDER.OBJ
\\FILES\UNDERGRADHOME\WPECKHAM\MY DOCUMENTS\381\BOGLGP2\VC++PROJECTS\CH13_OGRO_INVASION\TEMP\DEBUG\TREE.OBJ
\\FILES\UNDERGRADHOME\WPECKHAM\MY DOCUMENTS\381\BOGLGP2\VC++PROJECTS\CH13_OGRO_INVASION\TEMP\DEBUG\VC100.PDB
C:\Users\Owner\Documents\381 game\BOGLGP2\Apps\ch13_ogro_invasion\ch13_ogro_invasion.exe
C:\Users\Owner\Documents\381 game\BOGLGP2\Apps\ch13_ogro_invasion\ch13_ogro_invasion.ilk
C:\Users\Owner\Documents\381 game\BOGLGP2\Apps\ch13_ogro_invasion\ch13_ogro_invasion.pdb
C:\USERS\OWNER\DOCUMENTS\381 GAME\BOGLGP2\VC++PROJECTS\CH13_OGRO_INVASION\TEMP\DEBUG\CAMERA.OBJ
C:\Users\Owner\Documents\381 game\BOGLGP2\VC++Projects\ch13_ogro_invasion\Temp\Debug\ch13_ogro_invasion.exe.embed.manifest
C:\Users\Owner\Documents\381 game\BOGLGP2\VC++Projects\ch13_ogro_invasion\Temp\Debug\ch13_ogro_invasion.exe.intermediate.manifest
C:\Users\Owner\Documents\381 game\BOGLGP2\VC++Projects\ch13_ogro_invasion\Temp\Debug\ch13_ogro_invasion_manifest.rc
C:\Users\Owner\Documents\381 game\BOGLGP2\VC++Projects\ch13_ogro_invasion\Temp\Debug\cl.command.1.tlog
C:\Users\Owner\Documents\381 game\BOGLGP2\VC++Projects\ch13_ogro_invasion\Temp\Debug\CL.read.1.tlog
C:\Users\Owner\Documents\381 game\BOGLGP2\VC++Projects\ch13_ogro_invasion\Temp\Debug\CL.write.1.tlog
C:\USERS\OWNER\DOCUMENTS\381 GAME\BOGLGP2\VC++PROJECTS\CH13_OGRO_INVASION\TEMP\DEBUG\COLLIDER.OBJ
C:\USERS\OWNER\DOCUMENTS\381 GAME\BOGLGP2\VC++PROJECTS\CH13_OGRO_INVASION\TEMP\DEBUG\ENEMY.OBJ
C:\USERS\OWNER\DOCUMENTS\381 GAME\BOGLGP2\VC++PROJECTS\CH13_OGRO_INVASION\TEMP\DEBUG\ENTITY.OBJ
C:\USERS\OWNER\DOCUMENTS\381 GAME\BOGLGP2\VC++PROJECTS\CH13_OGRO_INVASION\TEMP\DEBUG\EXAMPLE.OBJ
C:\USERS\OWNER\DOCUMENTS\381 GAME\BOGLGP2\VC++PROJECTS\CH13_OGRO_INVASION\TEMP\DEBUG\EXPLOSION.OBJ
C:\USERS\OWNER\DOCUMENTS\381 GAME\BOGLGP2\VC++PROJECTS\CH13_OGRO_INVASION\TEMP\DEBUG\FREETYPEFONT.OBJ
C:\USERS\OWNER\DOCUMENTS\381 GAME\BOGLGP2\VC++PROJECTS\CH13_OGRO_INVASION\TEMP\DEBUG\FRUSTUM.OBJ
C:\USERS\OWNER\DOCUMENTS\381 GAME\BOGLGP2\VC++PROJECTS\CH13_OGRO_INVASION\TEMP\DEBUG\GAMEWORLD.OBJ
C:\USERS\OWNER\DOCUMENTS\381 GAME\BOGLGP2\VC++PROJECTS\CH13_OGRO_INVASION\TEMP\DEBUG\GLWINDOW.OBJ
C:\USERS\OWNER\DOCUMENTS\381 GAME\BOGLGP2\VC++PROJECTS\CH13_OGRO_INVASION\TEMP\DEBUG\LANDSCAPE.OBJ
C:\Users\Owner\Documents\381 game\BOGLGP2\VC++Projects\ch13_ogro_invasion\Temp\Debug\link.2236.read.1.tlog
C:\Users\Owner\Documents\381 game\BOGLGP2\VC++Projects\ch13_ogro_invasion\Temp\Debug\link.2236.write.1.tlog
C:\Users\Owner\Documents\381 game\BOGLGP2\VC++Projects\ch13_ogro_invasion\Temp\Debug\link.2236-cvtres.read.1.tlog
C:\Users\Owner\Documents\381 game\BOGLGP2\VC++Projects\ch13_ogro_invasion\Temp\Debug\link.2236-cvtres.write.1.tlog
C:\Users\Owner\Documents\381 game\BOGLGP2\VC++Projects\ch13_ogro_invasion\Temp\Debug\link.2412.read.1.tlog
C:\Users\Owner\Documents\381 game\BOGLGP2\VC++Projects\ch13_ogro_invasion\Temp\Debug\link.2412.write.1.tlog
C:\Users\Owner\Documents\381 game\BOGLGP2\VC++Projects\ch13_ogro_invasion\Temp\Debug\link.2412-cvtres.read.1.tlog
C:\Users\Owner\Documents\381 game\BOGLGP2\VC++Projects\ch13_ogro_invasion\Temp\Debug\link.2412-cvtres.write.1.tlog
C:\Users\Owner\Documents\381 game\BOGLGP2\VC++Projects\ch13_ogro_invasion\Temp\Debug\link.3432.read.1.tlog
C:\Users\Owner\Documents\381 game\BOGLGP2\VC++Projects\ch13_ogro_invasion\Temp\Debug\link.3432.write.1.tlog
C:\Users\Owner\Documents\381 game\BOGLGP2\VC++Projects\ch13_ogro_invasion\Temp\Debug\link.3432-cvtres.read.1.tlog
C:\Users\Owner\Documents\381 game\BOGLGP2\VC++Projects\ch13_ogro_invasion\Temp\Debug\link.3432-cvtres.write.1.tlog
C:\Users\Owner\Documents\381 game\BOGLGP2\VC++Projects\ch13_ogro_invasion\Temp\Debug\link.4068.read.1.tlog
C:\Users\Owner\Documents\381 game\BOGLGP2\VC++Projects\ch13_ogro_invasion\Temp\Debug\link.4068.write.1.tlog
C:\Users\Owner\Documents\381 game\BOGLGP2\VC++Projects\ch13_ogro_invasion\Temp\Debug\link.4068-cvtres.read.1.tlog
C:\Users\Owner\Documents\381 game\BOGLGP2\VC++Projects\ch13_ogro_invasion\Temp\Debug\link.4068-cvtres.write.1.tlog
C:\Users\Owner\Documents\381 game\BOGLGP2\VC++Projects\ch13_ogro_invasion\Temp\Debug\link.4544.read.1.tlog
C:\Users\Owner\Documents\381 game\BOGLGP2\VC++Projects\ch13_ogro_invasion\Temp\Debug\link.4544.write.1.tlog
C:\Users\Owner\Documents\381 game\BOGLGP2\VC++Projects\ch13_ogro_invasion\Temp\Debug\link.4544-cvtres.read.1.tlog
C:\Users\Owner\Documents\381 game\BOGLGP2\VC++Projects\ch13_ogro_invasion\Temp\Debug\link.4544-cvtres.write.1.tlog
C:\Users\Owner\Documents\381 game\BOGLGP2\VC++Projects\ch13_ogro_invasion\Temp\Debug\link.4636.read.1.tlog
C:\Users\Owner\Documents\381 game\BOGLGP2\VC++Projects\ch13_ogro_invasion\Temp\Debug\link.4636.write.1.tlog
C:\Users\Owner\Documents\381 game\BOGLGP2\VC++Projects\ch13_ogro_invasion\Temp\Debug\link.4636-cvtres.read.1.tlog
C:\Users\Owner\Documents\381 game\BOGLGP2\VC++Projects\ch13_ogro_invasion\Temp\Debug\link.4636-cvtres.write.1.tlog
C:\Users\Owner\Documents\381 game\BOGLGP2\VC++Projects\ch13_ogro_invasion\Temp\Debug\link.5052.read.1.tlog
C:\Users\Owner\Documents\381 game\BOGLGP2\VC++Projects\ch13_ogro_invasion\Temp\Debug\link.5052.write.1.tlog
C:\Users\Owner\Documents\381 game\BOGLGP2\VC++Projects\ch13_ogro_invasion\Temp\Debug\link.5052-cvtres.read.1.tlog
C:\Users\Owner\Documents\381 game\BOGLGP2\VC++Projects\ch13_ogro_invasion\Temp\Debug\link.5052-cvtres.write.1.tlog
C:\Users\Owner\Documents\381 game\BOGLGP2\VC++Projects\ch13_ogro_invasion\Temp\Debug\link.5688.read.1.tlog
C:\Users\Owner\Documents\381 game\BOGLGP2\VC++Projects\ch13_ogro_invasion\Temp\Debug\link.5688.write.1.tlog
C:\Users\Owner\Documents\381 game\BOGLGP2\VC++Projects\ch13_ogro_invasion\Temp\Debug\link.5688-cvtres.read.1.tlog
C:\Users\Owner\Documents\381 game\BOGLGP2\VC++Projects\ch13_ogro_invasion\Temp\Debug\link.5688-cvtres.write.1.tlog
C:\Users\Owner\Documents\381 game\BOGLGP2\VC++Projects\ch13_ogro_invasion\Temp\Debug\link.5764.read.1.tlog
C:\Users\Owner\Documents\381 game\BOGLGP2\VC++Projects\ch13_ogro_invasion\Temp\Debug\link.5764.write.1.tlog
C:\Users\Owner\Documents\381 game\BOGLGP2\VC++Projects\ch13_ogro_invasion\Temp\Debug\link.5764-cvtres.read.1.tlog
C:\Users\Owner\Documents\381 game\BOGLGP2\VC++Projects\ch13_ogro_invasion\Temp\Debug\link.5764-cvtres.write.1.tlog
C:\Users\Owner\Documents\381 game\BOGLGP2\VC++Projects\ch13_ogro_invasion\Temp\Debug\link.command.1.tlog
C:\Users\Owner\Documents\381 game\BOGLGP2\VC++Projects\ch13_ogro_invasion\Temp\Debug\link.read.1.tlog
C:\Users\Owner\Documents\381 game\BOGLGP2\VC++Projects\ch13_ogro_invasion\Temp\Debug\link.write.1.tlog
C:\USERS\OWNER\DOCUMENTS\381 GAME\BOGLGP2\VC++PROJECTS\CH13_OGRO_INVASION\TEMP\DEBUG\MAIN.OBJ
C:\USERS\OWNER\DOCUMENTS\381 GAME\BOGLGP2\VC++PROJECTS\CH13_OGRO_INVASION\TEMP\DEBUG\MD2MODEL.OBJ
C:\Users\Owner\Documents\381 game\BOGLGP2\VC++Projects\ch13_ogro_invasion\Temp\Debug\MGLSkyDome.obj
C:\Users\Owner\Documents\381 game\BOGLGP2\VC++Projects\ch13_ogro_invasion\Temp\Debug\MGLSkyShader.obj
C:\Users\Owner\Documents\381 game\BOGLGP2\VC++Projects\ch13_ogro_invasion\Temp\Debug\mt.command.1.tlog
C:\Users\Owner\Documents\381 game\BOGLGP2\VC++Projects\ch13_ogro_invasion\Temp\Debug\mt.read.1.tlog
C:\Users\Owner\Documents\381 game\BOGLGP2\VC++Projects\ch13_ogro_invasion\Temp\Debug\mt.write.1.tlog
C:\USERS\OWNER\DOCUMENTS\381 GAME\BOGLGP2\VC++PROJECTS\CH13_OGRO_INVASION\TEMP\DEBUG\OGRO.OBJ
C:\USERS\OWNER\DOCUMENTS\381 GAME\BOGLGP2\VC++PROJECTS\CH13_OGRO_INVASION\TEMP\DEBUG\PLAYER.OBJ
C:\Users\Owner\Documents\381 game\BOGLGP2\VC++Projects\ch13_ogro_invasion\Temp\Debug\rc.command.1.tlog
C:\Users\Owner\Documents\381 game\BOGLGP2\VC++Projects\ch13_ogro_invasion\Temp\Debug\rc.read.1.tlog
C:\Users\Owner\Documents\381 game\BOGLGP2\VC++Projects\ch13_ogro_invasion\Temp\Debug\rc.write.1.tlog
C:\USERS\OWNER\DOCUMENTS\381 GAME\BOGLGP2\VC++PROJECTS\CH13_OGRO_INVASION\TEMP\DEBUG\ROCKET.OBJ
C:\USERS\OWNER\DOCUMENTS\381 GAME\BOGLGP2\VC++PROJECTS\CH13_OGRO_INVASION\TEMP\DEBUG\SPHERECOLLIDER.OBJ
C:\USERS\OWNER\DOCUMENTS\381 GAME\BOGLGP2\VC++PROJECTS\CH13_OGRO_INVASION\TEMP\DEBUG\TARGA.OBJ
C:\USERS\OWNER\DOCUMENTS\381 GAME\BOGLGP2\VC++PROJECTS\CH13_OGRO_INVASION\TEMP\DEBUG\TERRAIN.OBJ
C:\USERS\OWNER\DOCUMENTS\381 GAME\BOGLGP2\VC++PROJECTS\CH13_OGRO_INVASION\TEMP\DEBUG\TERRAINCOLLIDER.OBJ
C:\USERS\OWNER\DOCUMENTS\381 GAME\BOGLGP2\VC++PROJECTS\CH13_OGRO_INVASION\TEMP\DEBUG\TREE.OBJ
C:\Users\Owner\Documents\381 game\BOGLGP2\VC++Projects\ch13_ogro_invasion\Temp\Debug\vc100.idb
C:\USERS\OWNER\DOCUMENTS\381 GAME\BOGLGP2\VC++PROJECTS\CH13_OGRO_INVASION\TEMP\DEBUG\VC100.PDB
