Build started 11/9/2011 4:38:08 PM.
     1>Project "\\files\UndergradHome\wpeckham\My Documents\381\BOGLGP2\VC++Projects\ch13_ogro_invasion\ch13_ogro_invasion.vcxproj" on node 2 (build target(s)).
     1>InitializeBuildStatus:
         Creating "\\files\UndergradHome\wpeckham\My Documents\381\BOGLGP2\VC++Projects\ch13_ogro_invasion\Temp\Debug\ch13_ogro_invasion.unsuccessfulbuild" because "AlwaysCreate" was specified.
       ClCompile:
         C:\Program Files (x86)\Microsoft Visual Studio 10.0\VC\bin\CL.exe /c /I"\\files\UndergradHome\wpeckham\My Documents\381\BOGLGP2\Common\\" /ZI /nologo /W3 /WX- /Od /Oy- /D WIN32 /D _DEBUG /D _WINDOWS /D _UNICODE /D UNICODE /Gm /EHsc /RTC1 /MDd /GS /fp:precise /Zc:wchar_t /Zc:forScope /Fo"\\files\UndergradHome\wpeckham\My Documents\381\BOGLGP2\VC++Projects\ch13_ogro_invasion\Temp\Debug\\" /Fd"\\files\UndergradHome\wpeckham\My Documents\381\BOGLGP2\VC++Projects\ch13_ogro_invasion\Temp\Debug\vc100.pdb" /Gd /TP /analyze- /errorReport:prompt ogro_invasion\terrain.cpp
         terrain.cpp
       ManifestResourceCompile:
         All outputs are up-to-date.
       Link:
         C:\Program Files (x86)\Microsoft Visual Studio 10.0\VC\bin\link.exe /ERRORREPORT:PROMPT /OUT:"\\files\UndergradHome\wpeckham\My Documents\381\BOGLGP2\Apps\ch13_ogro_invasion\ch13_ogro_invasion.exe" /INCREMENTAL /NOLOGO /LIBPATH:"\\files\UndergradHome\wpeckham\My Documents\381\BOGLGP2\Common\\" freetype.lib glee.lib kazmath.lib opengl32.lib glu32.lib kernel32.lib user32.lib gdi32.lib winspool.lib comdlg32.lib advapi32.lib shell32.lib ole32.lib oleaut32.lib uuid.lib odbc32.lib odbccp32.lib kernel32.lib user32.lib gdi32.lib winspool.lib comdlg32.lib advapi32.lib shell32.lib ole32.lib oleaut32.lib uuid.lib odbc32.lib odbccp32.lib /MANIFEST /ManifestFile:"\\files\UndergradHome\wpeckham\My Documents\381\BOGLGP2\VC++Projects\ch13_ogro_invasion\Temp\Debug\ch13_ogro_invasion.exe.intermediate.manifest" /MANIFESTUAC:"level='asInvoker' uiAccess='false'" /DEBUG /PDB:"\\files\UndergradHome\wpeckham\My Documents\381\BOGLGP2\Apps\ch13_ogro_invasion\ch13_ogro_invasion.pdb" /SUBSYSTEM:WINDOWS /TLBID:1 /DYNAMICBASE /NXCOMPAT /IMPLIB:"\\files\UndergradHome\wpeckham\My Documents\381\BOGLGP2\Apps\ch13_ogro_invasion\ch13_ogro_invasion.lib" /MACHINE:X86 "\\files\UndergradHome\wpeckham\My Documents\381\BOGLGP2\VC++Projects\ch13_ogro_invasion\Temp\Debug\ch13_ogro_invasion.exe.embed.manifest.res"
         "\\files\UndergradHome\wpeckham\My Documents\381\BOGLGP2\VC++Projects\ch13_ogro_invasion\Temp\Debug\camera.obj"
         "\\files\UndergradHome\wpeckham\My Documents\381\BOGLGP2\VC++Projects\ch13_ogro_invasion\Temp\Debug\collider.obj"
         "\\files\UndergradHome\wpeckham\My Documents\381\BOGLGP2\VC++Projects\ch13_ogro_invasion\Temp\Debug\enemy.obj"
         "\\files\UndergradHome\wpeckham\My Documents\381\BOGLGP2\VC++Projects\ch13_ogro_invasion\Temp\Debug\entity.obj"
         "\\files\UndergradHome\wpeckham\My Documents\381\BOGLGP2\VC++Projects\ch13_ogro_invasion\Temp\Debug\example.obj"
         "\\files\UndergradHome\wpeckham\My Documents\381\BOGLGP2\VC++Projects\ch13_ogro_invasion\Temp\Debug\explosion.obj"
         "\\files\UndergradHome\wpeckham\My Documents\381\BOGLGP2\VC++Projects\ch13_ogro_invasion\Temp\Debug\freetypefont.obj"
         "\\files\UndergradHome\wpeckham\My Documents\381\BOGLGP2\VC++Projects\ch13_ogro_invasion\Temp\Debug\frustum.obj"
         "\\files\UndergradHome\wpeckham\My Documents\381\BOGLGP2\VC++Projects\ch13_ogro_invasion\Temp\Debug\gameworld.obj"
         "\\files\UndergradHome\wpeckham\My Documents\381\BOGLGP2\VC++Projects\ch13_ogro_invasion\Temp\Debug\glwindow.obj"
         "\\files\UndergradHome\wpeckham\My Documents\381\BOGLGP2\VC++Projects\ch13_ogro_invasion\Temp\Debug\landscape.obj"
         "\\files\UndergradHome\wpeckham\My Documents\381\BOGLGP2\VC++Projects\ch13_ogro_invasion\Temp\Debug\main.obj"
         "\\files\UndergradHome\wpeckham\My Documents\381\BOGLGP2\VC++Projects\ch13_ogro_invasion\Temp\Debug\md2model.obj"
         "\\files\UndergradHome\wpeckham\My Documents\381\BOGLGP2\VC++Projects\ch13_ogro_invasion\Temp\Debug\MGLSkyDome.obj"
         "\\files\UndergradHome\wpeckham\My Documents\381\BOGLGP2\VC++Projects\ch13_ogro_invasion\Temp\Debug\MGLSkyShader.obj"
         "\\files\UndergradHome\wpeckham\My Documents\381\BOGLGP2\VC++Projects\ch13_ogro_invasion\Temp\Debug\ogro.obj"
         "\\files\UndergradHome\wpeckham\My Documents\381\BOGLGP2\VC++Projects\ch13_ogro_invasion\Temp\Debug\player.obj"
         "\\files\UndergradHome\wpeckham\My Documents\381\BOGLGP2\VC++Projects\ch13_ogro_invasion\Temp\Debug\rocket.obj"
         "\\files\UndergradHome\wpeckham\My Documents\381\BOGLGP2\VC++Projects\ch13_ogro_invasion\Temp\Debug\spherecollider.obj"
         "\\files\UndergradHome\wpeckham\My Documents\381\BOGLGP2\VC++Projects\ch13_ogro_invasion\Temp\Debug\targa.obj"
         "\\files\UndergradHome\wpeckham\My Documents\381\BOGLGP2\VC++Projects\ch13_ogro_invasion\Temp\Debug\terrain.obj"
         "\\files\UndergradHome\wpeckham\My Documents\381\BOGLGP2\VC++Projects\ch13_ogro_invasion\Temp\Debug\terraincollider.obj"
         "\\files\UndergradHome\wpeckham\My Documents\381\BOGLGP2\VC++Projects\ch13_ogro_invasion\Temp\Debug\tree.obj"
         glee.lib(GLee.obj) : MSIL .netmodule or module compiled with /GL found; restarting link with /LTCG; add /LTCG to the link command line to improve linker performance
     1>LINK : warning LNK4075: ignoring '/INCREMENTAL' due to '/LTCG' specification
     1>LINK : warning LNK4098: defaultlib 'MSVCRT' conflicts with use of other libs; use /NODEFAULTLIB:library
         Generating code
         Finished generating code
     1>glee.lib(GLee.obj) : warning LNK4099: PDB 'vc100.pdb' was not found with 'glee.lib(GLee.obj)' or at '\\files\UndergradHome\wpeckham\My Documents\381\BOGLGP2\Apps\ch13_ogro_invasion\vc100.pdb'; linking object as if no debug info
       Manifest:
         C:\Program Files (x86)\Microsoft SDKs\Windows\v7.0A\bin\mt.exe /nologo /verbose /out:"\\files\UndergradHome\wpeckham\My Documents\381\BOGLGP2\VC++Projects\ch13_ogro_invasion\Temp\Debug\ch13_ogro_invasion.exe.embed.manifest" /manifest "\\files\UndergradHome\wpeckham\My Documents\381\BOGLGP2\VC++Projects\ch13_ogro_invasion\Temp\Debug\ch13_ogro_invasion.exe.intermediate.manifest"
         All outputs are up-to-date.
       LinkEmbedManifest:
         C:\Program Files (x86)\Microsoft Visual Studio 10.0\VC\bin\link.exe /ERRORREPORT:PROMPT /OUT:"\\files\UndergradHome\wpeckham\My Documents\381\BOGLGP2\Apps\ch13_ogro_invasion\ch13_ogro_invasion.exe" /INCREMENTAL /NOLOGO /LIBPATH:"\\files\UndergradHome\wpeckham\My Documents\381\BOGLGP2\Common\\" freetype.lib glee.lib kazmath.lib opengl32.lib glu32.lib kernel32.lib user32.lib gdi32.lib winspool.lib comdlg32.lib advapi32.lib shell32.lib ole32.lib oleaut32.lib uuid.lib odbc32.lib odbccp32.lib kernel32.lib user32.lib gdi32.lib winspool.lib comdlg32.lib advapi32.lib shell32.lib ole32.lib oleaut32.lib uuid.lib odbc32.lib odbccp32.lib /MANIFEST /ManifestFile:"\\files\UndergradHome\wpeckham\My Documents\381\BOGLGP2\VC++Projects\ch13_ogro_invasion\Temp\Debug\ch13_ogro_invasion.exe.intermediate.manifest" /MANIFESTUAC:"level='asInvoker' uiAccess='false'" /DEBUG /PDB:"\\files\UndergradHome\wpeckham\My Documents\381\BOGLGP2\Apps\ch13_ogro_invasion\ch13_ogro_invasion.pdb" /SUBSYSTEM:WINDOWS /TLBID:1 /DYNAMICBASE /NXCOMPAT /IMPLIB:"\\files\UndergradHome\wpeckham\My Documents\381\BOGLGP2\Apps\ch13_ogro_invasion\ch13_ogro_invasion.lib" /MACHINE:X86 "\\files\UndergradHome\wpeckham\My Documents\381\BOGLGP2\VC++Projects\ch13_ogro_invasion\Temp\Debug\ch13_ogro_invasion.exe.embed.manifest.res"
         "\\files\UndergradHome\wpeckham\My Documents\381\BOGLGP2\VC++Projects\ch13_ogro_invasion\Temp\Debug\camera.obj"
         "\\files\UndergradHome\wpeckham\My Documents\381\BOGLGP2\VC++Projects\ch13_ogro_invasion\Temp\Debug\collider.obj"
         "\\files\UndergradHome\wpeckham\My Documents\381\BOGLGP2\VC++Projects\ch13_ogro_invasion\Temp\Debug\enemy.obj"
         "\\files\UndergradHome\wpeckham\My Documents\381\BOGLGP2\VC++Projects\ch13_ogro_invasion\Temp\Debug\entity.obj"
         "\\files\UndergradHome\wpeckham\My Documents\381\BOGLGP2\VC++Projects\ch13_ogro_invasion\Temp\Debug\example.obj"
         "\\files\UndergradHome\wpeckham\My Documents\381\BOGLGP2\VC++Projects\ch13_ogro_invasion\Temp\Debug\explosion.obj"
         "\\files\UndergradHome\wpeckham\My Documents\381\BOGLGP2\VC++Projects\ch13_ogro_invasion\Temp\Debug\freetypefont.obj"
         "\\files\UndergradHome\wpeckham\My Documents\381\BOGLGP2\VC++Projects\ch13_ogro_invasion\Temp\Debug\frustum.obj"
         "\\files\UndergradHome\wpeckham\My Documents\381\BOGLGP2\VC++Projects\ch13_ogro_invasion\Temp\Debug\gameworld.obj"
         "\\files\UndergradHome\wpeckham\My Documents\381\BOGLGP2\VC++Projects\ch13_ogro_invasion\Temp\Debug\glwindow.obj"
         "\\files\UndergradHome\wpeckham\My Documents\381\BOGLGP2\VC++Projects\ch13_ogro_invasion\Temp\Debug\landscape.obj"
         "\\files\UndergradHome\wpeckham\My Documents\381\BOGLGP2\VC++Projects\ch13_ogro_invasion\Temp\Debug\main.obj"
         "\\files\UndergradHome\wpeckham\My Documents\381\BOGLGP2\VC++Projects\ch13_ogro_invasion\Temp\Debug\md2model.obj"
         "\\files\UndergradHome\wpeckham\My Documents\381\BOGLGP2\VC++Projects\ch13_ogro_invasion\Temp\Debug\MGLSkyDome.obj"
         "\\files\UndergradHome\wpeckham\My Documents\381\BOGLGP2\VC++Projects\ch13_ogro_invasion\Temp\Debug\MGLSkyShader.obj"
         "\\files\UndergradHome\wpeckham\My Documents\381\BOGLGP2\VC++Projects\ch13_ogro_invasion\Temp\Debug\ogro.obj"
         "\\files\UndergradHome\wpeckham\My Documents\381\BOGLGP2\VC++Projects\ch13_ogro_invasion\Temp\Debug\player.obj"
         "\\files\UndergradHome\wpeckham\My Documents\381\BOGLGP2\VC++Projects\ch13_ogro_invasion\Temp\Debug\rocket.obj"
         "\\files\UndergradHome\wpeckham\My Documents\381\BOGLGP2\VC++Projects\ch13_ogro_invasion\Temp\Debug\spherecollider.obj"
         "\\files\UndergradHome\wpeckham\My Documents\381\BOGLGP2\VC++Projects\ch13_ogro_invasion\Temp\Debug\targa.obj"
         "\\files\UndergradHome\wpeckham\My Documents\381\BOGLGP2\VC++Projects\ch13_ogro_invasion\Temp\Debug\terrain.obj"
         "\\files\UndergradHome\wpeckham\My Documents\381\BOGLGP2\VC++Projects\ch13_ogro_invasion\Temp\Debug\terraincollider.obj"
         "\\files\UndergradHome\wpeckham\My Documents\381\BOGLGP2\VC++Projects\ch13_ogro_invasion\Temp\Debug\tree.obj"
         glee.lib(GLee.obj) : MSIL .netmodule or module compiled with /GL found; restarting link with /LTCG; add /LTCG to the link command line to improve linker performance
     1>LINK : warning LNK4075: ignoring '/INCREMENTAL' due to '/LTCG' specification
     1>LINK : warning LNK4098: defaultlib 'MSVCRT' conflicts with use of other libs; use /NODEFAULTLIB:library
         Generating code
         Finished generating code
     1>glee.lib(GLee.obj) : warning LNK4099: PDB 'vc100.pdb' was not found with 'glee.lib(GLee.obj)' or at '\\files\UndergradHome\wpeckham\My Documents\381\BOGLGP2\Apps\ch13_ogro_invasion\vc100.pdb'; linking object as if no debug info
         ch13_ogro_invasion.vcxproj -> \\files\UndergradHome\wpeckham\My Documents\381\BOGLGP2\Apps\ch13_ogro_invasion\ch13_ogro_invasion.exe
       FinalizeBuildStatus:
         Deleting file "\\files\UndergradHome\wpeckham\My Documents\381\BOGLGP2\VC++Projects\ch13_ogro_invasion\Temp\Debug\ch13_ogro_invasion.unsuccessfulbuild".
         Touching "\\files\UndergradHome\wpeckham\My Documents\381\BOGLGP2\VC++Projects\ch13_ogro_invasion\Temp\Debug\ch13_ogro_invasion.lastbuildstate".
     1>Done Building Project "\\files\UndergradHome\wpeckham\My Documents\381\BOGLGP2\VC++Projects\ch13_ogro_invasion\ch13_ogro_invasion.vcxproj" (build target(s)).

Build succeeded.

Time Elapsed 00:00:06.80
