Build started 11/8/2011 8:21:57 PM.
Project "C:\Users\Eddie\Desktop\BOGLGP2\VC++Projects\ch13_ogro_invasion\ch13_ogro_invasion.vcxproj" on node 2 (build target(s)).
InitializeBuildStatus:
  Creating "C:\Users\Eddie\Desktop\BOGLGP2\VC++Projects\ch13_ogro_invasion\Temp\Debug\ch13_ogro_invasion.unsuccessfulbuild" because "AlwaysCreate" was specified.
ClCompile:
  C:\Program Files\Microsoft Visual Studio 10.0\VC\bin\CL.exe /c /IC:\Users\Eddie\Desktop\BOGLGP2\Common\ /ZI /nologo /W3 /WX- /Od /Oy- /D WIN32 /D _DEBUG /D _WINDOWS /D _UNICODE /D UNICODE /Gm /EHsc /RTC1 /MDd /GS /fp:precise /Zc:wchar_t /Zc:forScope /Fo"C:\Users\Eddie\Desktop\BOGLGP2\VC++Projects\ch13_ogro_invasion\Temp\Debug\\" /Fd"C:\Users\Eddie\Desktop\BOGLGP2\VC++Projects\ch13_ogro_invasion\Temp\Debug\vc100.pdb" /Gd /TP /analyze- /errorReport:prompt ogro_invasion\MGLSkyDome.cpp ogro_invasion\gameworld.cpp
  gameworld.cpp
  MGLSkyDome.cpp
c:\users\eddie\desktop\boglgp2\vc++projects\ch13_ogro_invasion\ogro_invasion\mglskydome.cpp(37): warning C4244: 'initializing' : conversion from 'double' to 'float', possible loss of data
c:\users\eddie\desktop\boglgp2\vc++projects\ch13_ogro_invasion\ogro_invasion\mglskydome.cpp(40): warning C4305: 'initializing' : truncation from 'double' to 'float'
c:\users\eddie\desktop\boglgp2\vc++projects\ch13_ogro_invasion\ogro_invasion\mglskydome.cpp(46): warning C4244: '=' : conversion from 'double' to 'float', possible loss of data
c:\users\eddie\desktop\boglgp2\vc++projects\ch13_ogro_invasion\ogro_invasion\mglskydome.cpp(191): warning C4244: '=' : conversion from 'double' to 'float', possible loss of data
c:\users\eddie\desktop\boglgp2\vc++projects\ch13_ogro_invasion\ogro_invasion\mglskydome.cpp(192): warning C4244: '=' : conversion from 'double' to 'float', possible loss of data
c:\users\eddie\desktop\boglgp2\vc++projects\ch13_ogro_invasion\ogro_invasion\mglskydome.cpp(248): warning C4244: '=' : conversion from 'double' to 'float', possible loss of data
c:\users\eddie\desktop\boglgp2\vc++projects\ch13_ogro_invasion\ogro_invasion\mglskydome.cpp(249): warning C4244: '=' : conversion from 'double' to 'float', possible loss of data
c:\users\eddie\desktop\boglgp2\vc++projects\ch13_ogro_invasion\ogro_invasion\mglskydome.cpp(274): warning C4244: 'initializing' : conversion from 'double' to 'float', possible loss of data
c:\users\eddie\desktop\boglgp2\vc++projects\ch13_ogro_invasion\ogro_invasion\mglskydome.cpp(275): warning C4244: 'initializing' : conversion from 'double' to 'float', possible loss of data
c:\users\eddie\desktop\boglgp2\vc++projects\ch13_ogro_invasion\ogro_invasion\mglskydome.cpp(277): warning C4244: '=' : conversion from 'double' to 'float', possible loss of data
c:\users\eddie\desktop\boglgp2\vc++projects\ch13_ogro_invasion\ogro_invasion\mglskydome.cpp(278): warning C4244: '=' : conversion from 'double' to 'float', possible loss of data
c:\users\eddie\desktop\boglgp2\vc++projects\ch13_ogro_invasion\ogro_invasion\mglskydome.cpp(282): warning C4244: '=' : conversion from 'double' to 'float', possible loss of data
c:\users\eddie\desktop\boglgp2\vc++projects\ch13_ogro_invasion\ogro_invasion\mglskydome.cpp(285): warning C4305: '=' : truncation from 'double' to 'float'
c:\users\eddie\desktop\boglgp2\vc++projects\ch13_ogro_invasion\ogro_invasion\mglskydome.cpp(286): warning C4305: '=' : truncation from 'double' to 'float'
c:\users\eddie\desktop\boglgp2\vc++projects\ch13_ogro_invasion\ogro_invasion\mglskydome.cpp(290): warning C4305: 'initializing' : truncation from 'double' to 'float'
c:\users\eddie\desktop\boglgp2\vc++projects\ch13_ogro_invasion\ogro_invasion\mglskydome.cpp(291): warning C4244: 'initializing' : conversion from 'double' to 'float', possible loss of data
c:\users\eddie\desktop\boglgp2\vc++projects\ch13_ogro_invasion\ogro_invasion\mglskydome.cpp(292): warning C4244: 'initializing' : conversion from 'double' to 'float', possible loss of data
c:\users\eddie\desktop\boglgp2\vc++projects\ch13_ogro_invasion\ogro_invasion\mglskydome.cpp(465): warning C4244: '=' : conversion from 'double' to 'float', possible loss of data
  Generating Code...
ManifestResourceCompile:
  All outputs are up-to-date.
Link:
  C:\Program Files\Microsoft Visual Studio 10.0\VC\bin\link.exe /ERRORREPORT:PROMPT /OUT:"C:\Users\Eddie\Desktop\BOGLGP2\Apps\ch13_ogro_invasion\ch13_ogro_invasion.exe" /INCREMENTAL /NOLOGO /LIBPATH:C:\Users\Eddie\Desktop\BOGLGP2\Common\ freetype.lib glee.lib kazmath.lib opengl32.lib glu32.lib kernel32.lib user32.lib gdi32.lib winspool.lib comdlg32.lib advapi32.lib shell32.lib ole32.lib oleaut32.lib uuid.lib odbc32.lib odbccp32.lib kernel32.lib user32.lib gdi32.lib winspool.lib comdlg32.lib advapi32.lib shell32.lib ole32.lib oleaut32.lib uuid.lib odbc32.lib odbccp32.lib /MANIFEST /ManifestFile:"C:\Users\Eddie\Desktop\BOGLGP2\VC++Projects\ch13_ogro_invasion\Temp\Debug\ch13_ogro_invasion.exe.intermediate.manifest" /MANIFESTUAC:"level='asInvoker' uiAccess='false'" /DEBUG /PDB:"C:\Users\Eddie\Desktop\BOGLGP2\Apps\ch13_ogro_invasion\ch13_ogro_invasion.pdb" /SUBSYSTEM:WINDOWS /TLBID:1 /DYNAMICBASE /NXCOMPAT /IMPLIB:"C:\Users\Eddie\Desktop\BOGLGP2\Apps\ch13_ogro_invasion\ch13_ogro_invasion.lib" /MACHINE:X86 C:\Users\Eddie\Desktop\BOGLGP2\VC++Projects\ch13_ogro_invasion\Temp\Debug\ch13_ogro_invasion.exe.embed.manifest.res
  C:\Users\Eddie\Desktop\BOGLGP2\VC++Projects\ch13_ogro_invasion\Temp\Debug\camera.obj
  C:\Users\Eddie\Desktop\BOGLGP2\VC++Projects\ch13_ogro_invasion\Temp\Debug\collider.obj
  C:\Users\Eddie\Desktop\BOGLGP2\VC++Projects\ch13_ogro_invasion\Temp\Debug\enemy.obj
  C:\Users\Eddie\Desktop\BOGLGP2\VC++Projects\ch13_ogro_invasion\Temp\Debug\entity.obj
  C:\Users\Eddie\Desktop\BOGLGP2\VC++Projects\ch13_ogro_invasion\Temp\Debug\example.obj
  C:\Users\Eddie\Desktop\BOGLGP2\VC++Projects\ch13_ogro_invasion\Temp\Debug\explosion.obj
  C:\Users\Eddie\Desktop\BOGLGP2\VC++Projects\ch13_ogro_invasion\Temp\Debug\freetypefont.obj
  C:\Users\Eddie\Desktop\BOGLGP2\VC++Projects\ch13_ogro_invasion\Temp\Debug\frustum.obj
  C:\Users\Eddie\Desktop\BOGLGP2\VC++Projects\ch13_ogro_invasion\Temp\Debug\gameworld.obj
  C:\Users\Eddie\Desktop\BOGLGP2\VC++Projects\ch13_ogro_invasion\Temp\Debug\glwindow.obj
  C:\Users\Eddie\Desktop\BOGLGP2\VC++Projects\ch13_ogro_invasion\Temp\Debug\landscape.obj
  C:\Users\Eddie\Desktop\BOGLGP2\VC++Projects\ch13_ogro_invasion\Temp\Debug\main.obj
  C:\Users\Eddie\Desktop\BOGLGP2\VC++Projects\ch13_ogro_invasion\Temp\Debug\md2model.obj
  C:\Users\Eddie\Desktop\BOGLGP2\VC++Projects\ch13_ogro_invasion\Temp\Debug\MGLSkyDome.obj
  C:\Users\Eddie\Desktop\BOGLGP2\VC++Projects\ch13_ogro_invasion\Temp\Debug\MGLSkyShader.obj
  C:\Users\Eddie\Desktop\BOGLGP2\VC++Projects\ch13_ogro_invasion\Temp\Debug\ogro.obj
  C:\Users\Eddie\Desktop\BOGLGP2\VC++Projects\ch13_ogro_invasion\Temp\Debug\player.obj
  C:\Users\Eddie\Desktop\BOGLGP2\VC++Projects\ch13_ogro_invasion\Temp\Debug\rocket.obj
  C:\Users\Eddie\Desktop\BOGLGP2\VC++Projects\ch13_ogro_invasion\Temp\Debug\spherecollider.obj
  C:\Users\Eddie\Desktop\BOGLGP2\VC++Projects\ch13_ogro_invasion\Temp\Debug\targa.obj
  C:\Users\Eddie\Desktop\BOGLGP2\VC++Projects\ch13_ogro_invasion\Temp\Debug\terrain.obj
  C:\Users\Eddie\Desktop\BOGLGP2\VC++Projects\ch13_ogro_invasion\Temp\Debug\terraincollider.obj
  C:\Users\Eddie\Desktop\BOGLGP2\VC++Projects\ch13_ogro_invasion\Temp\Debug\tree.obj
  glee.lib(GLee.obj) : MSIL .netmodule or module compiled with /GL found; restarting link with /LTCG; add /LTCG to the link command line to improve linker performance
LINK : warning LNK4075: ignoring '/INCREMENTAL' due to '/LTCG' specification
LINK : warning LNK4098: defaultlib 'MSVCRT' conflicts with use of other libs; use /NODEFAULTLIB:library
  Generating code
  Finished generating code
glee.lib(GLee.obj) : warning LNK4099: PDB 'vc100.pdb' was not found with 'glee.lib(GLee.obj)' or at 'C:\Users\Eddie\Desktop\BOGLGP2\Apps\ch13_ogro_invasion\vc100.pdb'; linking object as if no debug info
Manifest:
  C:\Program Files\Microsoft SDKs\Windows\v7.0A\bin\mt.exe /nologo /verbose /out:"C:\Users\Eddie\Desktop\BOGLGP2\VC++Projects\ch13_ogro_invasion\Temp\Debug\ch13_ogro_invasion.exe.embed.manifest" /manifest C:\Users\Eddie\Desktop\BOGLGP2\VC++Projects\ch13_ogro_invasion\Temp\Debug\ch13_ogro_invasion.exe.intermediate.manifest
  All outputs are up-to-date.
LinkEmbedManifest:
  All outputs are up-to-date.
  ch13_ogro_invasion.vcxproj -> C:\Users\Eddie\Desktop\BOGLGP2\Apps\ch13_ogro_invasion\ch13_ogro_invasion.exe
FinalizeBuildStatus:
  Deleting file "C:\Users\Eddie\Desktop\BOGLGP2\VC++Projects\ch13_ogro_invasion\Temp\Debug\ch13_ogro_invasion.unsuccessfulbuild".
  Touching "C:\Users\Eddie\Desktop\BOGLGP2\VC++Projects\ch13_ogro_invasion\Temp\Debug\ch13_ogro_invasion.lastbuildstate".
Done Building Project "C:\Users\Eddie\Desktop\BOGLGP2\VC++Projects\ch13_ogro_invasion\ch13_ogro_invasion.vcxproj" (build target(s)).

Build succeeded.

Time Elapsed 00:00:09.12
